<?xml version="1.0" encoding="UTF-8"?>
<!-- Generated by org.testng.reporters.JUnitXMLReporter -->
<testsuite ignored="0" hostname="DESKTOP-OB4CSQL" failures="1" tests="16" name="Test_parallel_none" time="0.1" errors="0" timestamp="2021-06-08T11:18:20 CEST">
  <testcase classname="ejemplos.parallel.Asertos_Test" name="test1" time="0.012"/>
  <testcase classname="ejemplos.parallel.Asertos_Test" name="test10" time="0.002"/>
  <testcase classname="ejemplos.parallel.Asertos_Test" name="test11" time="0.001"/>
  <testcase classname="ejemplos.parallel.Asertos_Test" name="test12" time="0.009">
    <failure type="java.lang.AssertionError" message="The following asserts failed:
	No es mayor que 10 expected [true] but found [false],
	No es menor que 0 expected [true] but found [false]">
      <![CDATA[java.lang.AssertionError: The following asserts failed:
No es mayor que 10 expected [true] but found [false],
No es menor que 0 expected [true] but found [false]
at ejemplos.parallel.Asertos_Test.test12(Asertos_Test.java:188)
at java.base/java.util.ArrayList.forEach(ArrayList.java:1540)
... Removed 29 stack frames]]>
    </failure>
  </testcase> <!-- test12 -->
  <testcase classname="ejemplos.parallel.Asertos_Test" name="test13" time="0.002">
    <skipped/>
  </testcase> <!-- test13 -->
  <testcase classname="ejemplos.parallel.Asertos_Test" name="test2" time="0.001"/>
  <testcase classname="ejemplos.parallel.Asertos_Test" name="test3" time="0.002"/>
  <testcase classname="ejemplos.parallel.Asertos_Test" name="test4" time="0.001"/>
  <testcase classname="ejemplos.parallel.Asertos_Test" name="test5" time="0.0"/>
  <testcase classname="ejemplos.parallel.Asertos_Test" name="test6" time="0.001"/>
  <testcase classname="ejemplos.parallel.Asertos_Test" name="test7" time="0.0"/>
  <testcase classname="ejemplos.parallel.Asertos_Test" name="test8" time="0.002"/>
  <testcase classname="ejemplos.parallel.Asertos_Test" name="test9" time="0.001"/>
  <testcase classname="ejemplos.parallel.TestCalculadora" name="cuadradoFuncionaCorrectamente" time="0.001"/>
  <testcase classname="ejemplos.parallel.TestCalculadora" name="dividirFuncionaCorrectamente" time="0.0"/>
  <testcase classname="ejemplos.parallel.TestCalculadora" name="laSumaDebeSerCorrecta" time="0.001"/>
</testsuite> <!-- Test_parallel_none -->
