<?xml version="1.0" encoding="UTF-8"?>
<!-- Generated by org.testng.reporters.JUnitXMLReporter -->
<testsuite ignored="0" hostname="DESKTOP-OB4CSQL" failures="1" tests="16" name="Test_Oyentes" time="0.093" errors="0" timestamp="2021-06-07T08:04:45 CEST">
  <testcase classname="ejemplos.parallel.Asertos_Test" name="test1" time="0.011"/>
  <testcase classname="ejemplos.parallel.TestCalculadora" name="cuadradoFuncionaCorrectamente" time="0.004"/>
  <testcase classname="ejemplos.parallel.Asertos_Test" name="test10" time="0.002"/>
  <testcase classname="ejemplos.parallel.TestCalculadora" name="dividirFuncionaCorrectamente" time="0.001"/>
  <testcase classname="ejemplos.parallel.Asertos_Test" name="test11" time="0.002"/>
  <testcase classname="ejemplos.parallel.TestCalculadora" name="laSumaDebeSerCorrecta" time="0.0"/>
  <testcase classname="ejemplos.parallel.Asertos_Test" name="test12" time="0.007">
    <failure type="java.lang.AssertionError" message="The following asserts failed:
	No es mayor que 10 expected [true] but found [false],
	No es menor que 0 expected [true] but found [false]">
      <![CDATA[java.lang.AssertionError: The following asserts failed:
No es mayor que 10 expected [true] but found [false],
No es menor que 0 expected [true] but found [false]
at ejemplos.parallel.Asertos_Test.test12(Asertos_Test.java:188)
at java.base/java.util.concurrent.ThreadPoolExecutor.runWorker(ThreadPoolExecutor.java:1128)
at java.base/java.util.concurrent.ThreadPoolExecutor$Worker.run(ThreadPoolExecutor.java:628)
at java.base/java.lang.Thread.run(Thread.java:834)
... Removed 14 stack frames]]>
    </failure>
  </testcase> <!-- test12 -->
  <testcase classname="ejemplos.parallel.Asertos_Test" name="test13" time="0.001">
    <skipped/>
  </testcase> <!-- test13 -->
  <testcase classname="ejemplos.parallel.Asertos_Test" name="test2" time="0.001"/>
  <testcase classname="ejemplos.parallel.Asertos_Test" name="test3" time="0.001"/>
  <testcase classname="ejemplos.parallel.Asertos_Test" name="test4" time="0.002"/>
  <testcase classname="ejemplos.parallel.Asertos_Test" name="test5" time="0.001"/>
  <testcase classname="ejemplos.parallel.Asertos_Test" name="test6" time="0.0"/>
  <testcase classname="ejemplos.parallel.Asertos_Test" name="test7" time="0.001"/>
  <testcase classname="ejemplos.parallel.Asertos_Test" name="test8" time="0.001"/>
  <testcase classname="ejemplos.parallel.Asertos_Test" name="test9" time="0.001"/>
</testsuite> <!-- Test_Oyentes -->
